<?xml version="1.0" encoding="UTF-8"?>
<!-- Generated by org.testng.reporters.JUnitReportReporter -->
<testsuite hostname="Rifhas-Air" failures="0" tests="1" name="testRun.DataProviderPractice" time="0.032" errors="0" timestamp="15 Dec 2020 02:13:52 GMT" skipped="0">
  <testcase classname="testRun.DataProviderPractice" name="completeSentence" time="0.032"/>
</testsuite> <!-- testRun.DataProviderPractice -->
