<?xml version="1.0" encoding="UTF-8"?>
<!-- Generated by org.testng.reporters.JUnitReportReporter -->
<testsuite hostname="Rifhas-Air" failures="0" tests="3" name="practice.HookPractice" time="0.023" errors="0" timestamp="26 Nov 2020 02:08:57 GMT" skipped="0">
  <testcase classname="practice.HookPractice" name="tes2t" time="0.011"/>
  <testcase classname="practice.HookPractice" name="test1" time="0.005"/>
  <testcase classname="practice.HookPractice" name="test3" time="0.007"/>
</testsuite> <!-- practice.HookPractice -->
