<?xml version="1.0" encoding="UTF-8"?>
<!-- Generated by org.testng.reporters.JUnitReportReporter -->
<testsuite hostname="Rifhas-Air" failures="0" tests="2" name="testRun.PracticeTest" time="22.932" errors="0" timestamp="02 Dec 2020 01:29:44 GMT" skipped="0">
  <testcase classname="testRun.PracticeTest" name="ourFirstTest" time="22.928"/>
  <testcase classname="testRun.PracticeTest" name="test2" time="0.004"/>
</testsuite> <!-- testRun.PracticeTest -->
