<?xml version="1.0" encoding="UTF-8"?>
<!-- Generated by org.testng.reporters.JUnitReportReporter -->
<testsuite hostname="Rifhas-Air" failures="0" tests="1" name="practice.HookPractice2" time="0.016" errors="0" timestamp="01 Dec 2020 01:41:00 GMT" skipped="0">
  <testcase classname="practice.HookPractice2" name="test5" time="0.016"/>
</testsuite> <!-- practice.HookPractice2 -->
